1000, 14289, 0, 0
2000, 14298, 0, 0
3000, 14307, 0, 0
4000, 14292, 0, 0
5000, 14286, 0, 0
6000, 14345, 0, 0
7000, 14309, 0, 0
8000, 14303, 0, 0
9000, 14329, 0, 0
10000, 14315, 0, 0
11001, 14333, 0, 0
12001, 14361, 0, 0
13001, 14302, 0, 0
14001, 14302, 0, 0
15001, 14303, 0, 0
16001, 14334, 0, 0
17001, 14310, 0, 0
18001, 14294, 0, 0
19001, 14336, 0, 0
20002, 14348, 0, 0
21002, 14297, 0, 0
22002, 14327, 0, 0
23002, 14337, 0, 0
24002, 14336, 0, 0
25003, 14298, 0, 0
26003, 14314, 0, 0
27003, 14327, 0, 0
28003, 14322, 0, 0
29003, 14331, 0, 0
30003, 14326, 0, 0
31003, 14349, 0, 0
32003, 14318, 0, 0
33003, 14319, 0, 0
34003, 14332, 0, 0
35003, 14301, 0, 0
36003, 14282, 0, 0
37003, 14340, 0, 0
38003, 14297, 0, 0
39003, 14285, 0, 0
40003, 14312, 0, 0
41003, 14307, 0, 0
42003, 14330, 0, 0
43003, 14303, 0, 0
44003, 14255, 0, 0
45003, 14342, 0, 0
46003, 14304, 0, 0
47003, 14367, 0, 0
48003, 14415, 0, 0
49003, 14383, 0, 0
50003, 14396, 0, 0
51003, 14368, 0, 0
52003, 14415, 0, 0
53003, 14376, 0, 0
54003, 14371, 0, 0
55003, 14413, 0, 0
56003, 14399, 0, 0
57003, 14392, 0, 0
58003, 14364, 0, 0
59003, 14342, 0, 0
60003, 14365, 0, 0
61005, 14406, 0, 0
62005, 14415, 0, 0
63005, 14338, 0, 0
64005, 14369, 0, 0
65005, 14404, 0, 0
66005, 14365, 0, 0
67005, 14369, 0, 0
68005, 14365, 0, 0
69006, 14366, 0, 0
70006, 14418, 0, 0
71006, 14415, 0, 0
72006, 14375, 0, 0
73006, 14419, 0, 0
74008, 14362, 0, 0
75008, 14387, 0, 0
76008, 14357, 0, 0
77008, 14391, 0, 0
78008, 14391, 0, 0
79009, 14336, 0, 0
80009, 14388, 0, 0
81009, 14383, 0, 0
82009, 14363, 0, 0
83009, 14403, 0, 0
84009, 14368, 0, 0
85009, 14391, 0, 0
86009, 14398, 0, 0
87009, 14389, 0, 0
88009, 14402, 0, 0
89009, 14349, 0, 0
90009, 14374, 0, 0
91009, 14379, 0, 0
92009, 14383, 0, 0
93009, 14362, 0, 0
94009, 14425, 0, 0
95009, 14415, 0, 0
96009, 14480, 0, 0
97009, 14409, 0, 0
98009, 14377, 0, 0
99009, 14370, 0, 0
100009, 14398, 0, 0
101009, 14348, 0, 0
102009, 14476, 0, 0
103010, 14374, 0, 0
104010, 14414, 0, 0
105010, 14470, 0, 0
106010, 14331, 0, 0
107010, 14458, 0, 0
108010, 14350, 0, 0
109011, 14362, 0, 0
110011, 14307, 0, 0
111011, 14305, 0, 0
112011, 14317, 0, 0
113011, 14377, 0, 0
114011, 14325, 0, 0
115011, 14350, 0, 0
116011, 14309, 0, 0
117011, 14351, 0, 0
118011, 14292, 0, 0
119011, 14304, 0, 0
120011, 14326, 0, 0
121011, 14274, 0, 0
122011, 14325, 0, 0
123011, 14294, 0, 0
124011, 14344, 0, 0
125011, 14321, 0, 0
126011, 14340, 0, 0
127011, 14288, 0, 0
128011, 14303, 0, 0
129011, 14280, 0, 0
130011, 14331, 0, 0
131011, 14334, 0, 0
132011, 14388, 0, 0
133011, 14346, 0, 0
134011, 14325, 0, 0
135011, 14295, 0, 0
136011, 14314, 0, 0
137011, 14317, 0, 0
138011, 14348, 0, 0
139011, 14331, 0, 0
140011, 14313, 0, 0
141011, 14309, 0, 0
142011, 14315, 0, 0
143011, 14334, 0, 0
144011, 14339, 0, 0
145011, 14341, 0, 0
146011, 14292, 0, 0
147011, 14346, 0, 0
148011, 14316, 0, 0
149012, 14309, 0, 0
150012, 14308, 0, 0
151012, 14340, 0, 0
152012, 14320, 0, 0
153012, 14378, 0, 0
154012, 14350, 0, 0
155012, 14380, 0, 0
156012, 14355, 0, 0
157012, 14352, 0, 0
158012, 14333, 0, 0
159012, 14272, 0, 0
160012, 14339, 0, 0
161012, 14278, 0, 0
162012, 14264, 0, 0
163012, 14282, 0, 0
164012, 14285, 0, 0
165012, 14302, 0, 0
166012, 14378, 0, 0
167012, 14349, 0, 0
168012, 14319, 0, 0
169012, 14310, 0, 0
170012, 14303, 0, 0
171012, 14295, 0, 0
172012, 14365, 0, 0
173012, 14303, 0, 0
174012, 14305, 0, 0
175012, 14312, 0, 0
176012, 14299, 0, 0
177012, 14278, 0, 0
178012, 14331, 0, 0
179012, 14324, 0, 0
180012, 14298, 0, 0
181012, 14284, 0, 0
182012, 14310, 0, 0
183012, 14293, 0, 0
184012, 14311, 0, 0
185012, 14276, 0, 0
186013, 14279, 0, 0
187013, 14328, 0, 0
188013, 14292, 0, 0
189013, 14287, 0, 0
190013, 14345, 0, 0
191015, 14351, 0, 0
192015, 14284, 0, 0
193015, 14334, 0, 0
194016, 14308, 0, 0
195016, 14318, 0, 0
196016, 14326, 0, 0
197016, 14323, 0, 0
198016, 14291, 0, 0
199016, 14292, 0, 0
200016, 14292, 0, 0
201016, 14320, 0, 0
202016, 14300, 0, 0
203016, 14272, 0, 0
204017, 14283, 0, 0
205017, 14286, 0, 0
206017, 14293, 0, 0
207017, 14307, 0, 0
208017, 14339, 0, 0
209017, 14454, 0, 0
210017, 14305, 0, 0
211017, 14283, 0, 0
212017, 14267, 0, 0
213017, 14337, 0, 0
214017, 14377, 0, 0
215017, 14309, 0, 0
216019, 14337, 0, 0
217019, 14368, 0, 0
218019, 14353, 0, 0
219019, 14324, 0, 0
220019, 14351, 0, 0
221019, 14311, 0, 0
222019, 14298, 0, 0
223019, 14326, 0, 0
224019, 14335, 0, 0
225019, 14301, 0, 0
226019, 14302, 0, 0
227019, 14299, 0, 0
228019, 14326, 0, 0
229019, 14349, 0, 0
230019, 14294, 0, 0
231019, 14309, 0, 0
232020, 14323, 0, 0
233020, 14345, 0, 0
234020, 14329, 0, 0
235020, 14375, 0, 0
236020, 14331, 0, 0
237020, 14302, 0, 0
238020, 14304, 0, 0
239020, 14305, 0, 0
240021, 14329, 0, 0
241022, 14282, 0, 0
242022, 14295, 0, 0
243022, 14325, 0, 0
244022, 14342, 0, 0
245022, 14339, 0, 0
246022, 14291, 0, 0
247022, 14298, 0, 0
248022, 14268, 0, 0
249022, 14350, 0, 0
250022, 14309, 0, 0
251022, 14285, 0, 0
252022, 14293, 0, 0
253023, 14353, 0, 0
254023, 14334, 0, 0
255023, 14340, 0, 0
256023, 14295, 0, 0
257023, 14323, 0, 0
258023, 14304, 0, 0
259023, 14333, 0, 0
260023, 14318, 0, 0
261023, 14269, 0, 0
262023, 14288, 0, 0
263024, 14325, 0, 0
264025, 14319, 0, 0
265025, 14326, 0, 0
266025, 14301, 0, 0
267026, 14284, 0, 0
268026, 14265, 0, 0
269026, 14295, 0, 0
270026, 14336, 0, 0
271026, 14369, 0, 0
272026, 14327, 0, 0
273026, 14369, 0, 0
274026, 14371, 0, 0
275027, 14303, 0, 0
276027, 14306, 0, 0
277029, 14297, 0, 0
278029, 14319, 0, 0
279029, 14356, 0, 0
280029, 14333, 0, 0
281029, 14332, 0, 0
282029, 14359, 0, 0
283029, 14326, 0, 0
284029, 14330, 0, 0
285029, 14278, 0, 0
286029, 14371, 0, 0
287029, 14336, 0, 0
288029, 14288, 0, 0
289030, 14258, 0, 0
290030, 14309, 0, 0
291030, 14306, 0, 0
292030, 14317, 0, 0
293030, 14335, 0, 0
294030, 14349, 0, 0
295030, 14280, 0, 0
296030, 14293, 0, 0
297030, 14396, 0, 0
298030, 14270, 0, 0
299030, 14316, 0, 0
300030, 14333, 0, 0
301030, 14368, 0, 0
302030, 14331, 0, 0
303032, 14311, 0, 0
304032, 14388, 0, 0
305032, 14311, 0, 0
306032, 14305, 0, 0
307032, 14289, 0, 0
308032, 14282, 0, 0
309032, 14388, 0, 0
310032, 14349, 0, 0
311032, 14326, 0, 0
312032, 14388, 0, 0
313032, 14330, 0, 0
314032, 14296, 0, 0
315032, 14349, 0, 0
316032, 14339, 0, 0
317032, 14317, 0, 0
318032, 14494, 0, 0
319032, 14564, 0, 0
320032, 14316, 0, 0
321032, 14325, 0, 0
322032, 14315, 0, 0
323032, 14305, 0, 0
324032, 14250, 0, 0
325032, 14428, 0, 0
326032, 14323, 0, 0
327033, 14297, 0, 0
328033, 14342, 0, 0
329033, 14304, 0, 0
330033, 14291, 0, 0
331033, 14283, 0, 0
332033, 14400, 0, 0
333033, 14320, 0, 0
334033, 14326, 0, 0
335033, 14297, 0, 0
336033, 14334, 0, 0
337033, 14337, 0, 0
338033, 14299, 0, 0
339033, 14300, 0, 0
340035, 14289, 0, 0
341035, 14298, 0, 0
342035, 14302, 0, 0
343035, 14276, 0, 0
344035, 14321, 0, 0
345035, 14290, 0, 0
346035, 14358, 0, 0
347035, 14406, 0, 0
348035, 14375, 0, 0
349035, 14289, 0, 0
350035, 14265, 0, 0
351035, 14327, 0, 0
352035, 14293, 0, 0
353035, 14299, 0, 0
354035, 14325, 0, 0
355035, 14385, 0, 0
356035, 14302, 0, 0
357035, 14343, 0, 0
358035, 14315, 0, 0
359035, 14385, 0, 0
360035, 14298, 0, 0
361035, 14356, 0, 0
362035, 14255, 0, 0
363035, 14316, 0, 0
364035, 14283, 0, 0
365035, 14328, 0, 0
366035, 14321, 0, 0
367035, 14275, 0, 0
368035, 14282, 0, 0
369035, 14292, 0, 0
370035, 14361, 0, 0
371036, 14297, 0, 0
372036, 14313, 0, 0
373036, 14328, 0, 0
374036, 14276, 0, 0
375036, 14345, 0, 0
376036, 14345, 0, 0
377036, 14352, 0, 0
378036, 14258, 0, 0
379036, 14279, 0, 0
380036, 14340, 0, 0
381036, 14263, 0, 0
382036, 14289, 0, 0
383036, 14358, 0, 0
384036, 14400, 0, 0
385036, 14304, 0, 0
386036, 14485, 0, 0
387036, 14315, 0, 0
388037, 14306, 0, 0
389038, 14389, 0, 0
390038, 14365, 0, 0
391038, 14308, 0, 0
392038, 14382, 0, 0
393038, 14499, 0, 0
394048, 15095, 0, 0
395048, 14304, 0, 0
396048, 14255, 0, 0
397050, 14303, 0, 0
398050, 14256, 0, 0
399051, 14294, 0, 0
400051, 14531, 0, 0
401051, 14322, 0, 0
402052, 14274, 0, 0
403052, 14345, 0, 0
404052, 14299, 0, 0
405052, 14303, 0, 0
406052, 14290, 0, 0
407052, 14291, 0, 0
408052, 14446, 0, 0
409052, 14295, 0, 0
410052, 14336, 0, 0
411052, 14272, 0, 0
412052, 14308, 0, 0
413052, 14477, 0, 0
414052, 14302, 0, 0
415052, 14437, 0, 0
416052, 14377, 0, 0
417052, 14324, 0, 0
418053, 16613, 0, 0
419053, 14359, 0, 0
420053, 14337, 0, 0
421055, 14286, 0, 0
422055, 14307, 0, 0
423056, 14326, 0, 0
424056, 14320, 0, 0
425056, 14278, 0, 0
426056, 14313, 0, 0
427056, 14359, 0, 0
428056, 14352, 0, 0
429056, 14298, 0, 0
430056, 14271, 0, 0
431056, 14282, 0, 0
432056, 14392, 0, 0
433056, 14301, 0, 0
434056, 14284, 0, 0
435056, 14316, 0, 0
436056, 14292, 0, 0
437057, 14412, 0, 0
438058, 14329, 0, 0
439058, 14332, 0, 0
440058, 14289, 0, 0
441058, 14529, 0, 0
442058, 14367, 0, 0
443058, 14228, 0, 0
444058, 14306, 0, 0
445058, 14271, 0, 0
446058, 14295, 0, 0
447059, 14294, 0, 0
448059, 14312, 0, 0
449059, 14272, 0, 0
450059, 14298, 0, 0
451059, 14313, 0, 0
452059, 14292, 0, 0
453059, 14335, 0, 0
454059, 14289, 0, 0
455059, 14369, 0, 0
456060, 14308, 0, 0
457060, 14286, 0, 0
458060, 14296, 0, 0
459060, 14292, 0, 0
460060, 14310, 0, 0
461060, 14360, 0, 0
462060, 14271, 0, 0
463060, 14294, 0, 0
464063, 14535, 0, 0
465063, 14449, 0, 0
466065, 14310, 0, 0
467065, 14340, 0, 0
468065, 14281, 0, 0
469065, 14309, 0, 0
470065, 14341, 0, 0
471065, 14304, 0, 0
472065, 14345, 0, 0
473065, 14359, 0, 0
474065, 14343, 0, 0
475065, 14296, 0, 0
476065, 14332, 0, 0
477065, 14288, 0, 0
478065, 14305, 0, 0
479065, 14429, 0, 0
480065, 14294, 0, 0
481065, 14298, 0, 0
482065, 14292, 0, 0
483065, 14893, 0, 0
484065, 14693, 0, 0
485065, 14338, 0, 0
486066, 14394, 0, 0
487066, 15831, 0, 0
488066, 15252, 0, 0
489066, 15272, 0, 0
490071, 15976, 0, 0
491071, 17402, 0, 0
492071, 14607, 0, 0
493071, 14371, 0, 0
494071, 14317, 0, 0
495071, 14283, 0, 0
496071, 14604, 0, 0
497072, 14809, 0, 0
498072, 14396, 0, 0
499072, 14782, 0, 0
500072, 14309, 0, 0
501072, 15782, 0, 0
502072, 14361, 0, 0
503089, 15975, 0, 0
504089, 16339, 0, 0
505101, 23248, 0, 0
506101, 21778, 0, 0
507101, 18476, 0, 0
508101, 22504, 0, 0
509312, 20663, 0, 0
510312, 17610, 0, 0
511312, 14302, 0, 0
512312, 14371, 0, 0
513312, 14305, 0, 0
514312, 15347, 0, 0
515313, 16046, 0, 0
516313, 14386, 0, 0
517314, 20165, 0, 0
518314, 22323, 0, 0
519314, 22494, 0, 0
520314, 25254, 0, 0
521314, 23824, 0, 0
522314, 22524, 0, 0
523342, 23697, 0, 0
524348, 33533, 0, 0
525380, 30552, 0, 0
526380, 43187, 0, 0
527380, 17660, 0, 0
528441, 23331, 0, 0
529443, 24703, 0, 0
530446, 25693, 0, 0
531460, 17553, 0, 0
532461, 29910, 0, 0
533492, 31315, 0, 0
534523, 18183, 0, 0
535524, 27534, 0, 0
536658, 19004, 0, 0
537715, 39344, 0, 0
538715, 22618, 0, 0
539715, 23499, 0, 0
540715, 15898, 0, 0
541729, 23418, 0, 0
542729, 15172, 0, 0
543927, 16401, 0, 0
544948, 52320, 0, 0
545948, 26299, 0, 0
546954, 29546, 0, 0
547955, 25427, 0, 0
548955, 22093, 0, 0
550148, 22273, 0, 0
551153, 43771, 0, 0
552153, 35287, 0, 0
553154, 28214, 0, 0
554154, 21965, 0, 0
555154, 18130, 0, 0
556154, 14375, 0, 0
557154, 20992, 0, 0
558154, 18901, 0, 0
559154, 17647, 0, 0
560338, 15983, 0, 0
561344, 21593, 0, 0
562344, 17528, 0, 0
563355, 24151, 0, 0
564355, 15666, 0, 0
565435, 49475, 0, 0
566435, 21102, 0, 0
567514, 23881, 0, 0
568773, 21256, 0, 0
569893, 20639, 0, 0
570893, 22889, 0, 0
571893, 18954, 0, 0
572893, 19724, 0, 0
573893, 17638, 0, 0
574893, 20788, 0, 0
575893, 20894, 0, 0
576906, 18741, 0, 0
577906, 15602, 0, 0
579110, 15782, 0, 0
580121, 27971, 0, 0
581125, 33315, 0, 0
582125, 23190, 0, 0
583125, 18435, 0, 0
584125, 15386, 0, 0
585265, 16508, 0, 0
586267, 27569, 0, 0
587275, 25657, 0, 0
588382, 35502, 0, 0
589387, 33424, 0, 0
590392, 19269, 0, 0
591392, 18846, 0, 0
592392, 20905, 0, 0
593396, 23176, 0, 0
594396, 18990, 0, 0
595401, 24177, 0, 0
596401, 21103, 0, 0
597699, 15742, 0, 0
598699, 24936, 0, 0
599699, 18946, 0, 0
600041, 30646, 0, 0
