1000, 5, 1, 0
2000, 5, 1, 0
3000, 5, 1, 0
4000, 9, 1, 0
5000, 10, 1, 0
6000, 7, 1, 0
7000, 7, 1, 0
8000, 7, 1, 0
9000, 8, 1, 0
10000, 8, 1, 0
11000, 7, 1, 0
12000, 5, 1, 0
13000, 5, 1, 0
14000, 5, 1, 0
15000, 6, 1, 0
16000, 6, 1, 0
17000, 7, 1, 0
18000, 11, 1, 0
19000, 8, 1, 0
20001, 9, 1, 0
21001, 13, 1, 0
22001, 9, 1, 0
23001, 11, 1, 0
24001, 10, 1, 0
25001, 8, 1, 0
26001, 8, 1, 0
27001, 8, 1, 0
28001, 7, 1, 0
29001, 6, 1, 0
30001, 6, 1, 0
31001, 6, 1, 0
32001, 6, 1, 0
33001, 9, 1, 0
34001, 14, 1, 0
35001, 10, 1, 0
36001, 10, 1, 0
37001, 9, 1, 0
38001, 7, 1, 0
39001, 9, 1, 0
40001, 9, 1, 0
41001, 6, 1, 0
42001, 8, 1, 0
43001, 6, 1, 0
44018, 6, 1, 0
45018, 10, 1, 0
46018, 5, 1, 0
47018, 7, 1, 0
48018, 8, 1, 0
49018, 11, 1, 0
50018, 11, 1, 0
51018, 5, 1, 0
52018, 7, 1, 0
53018, 7, 1, 0
54018, 7, 1, 0
55018, 6, 1, 0
56018, 9, 1, 0
57018, 8, 1, 0
58018, 8, 1, 0
59018, 11, 1, 0
0, 11, 1, 0
1000, 9, 1, 0
2000, 8, 1, 0
3000, 8, 1, 0
4000, 6, 1, 0
5000, 7, 1, 0
6000, 7, 1, 0
7000, 7, 1, 0
8000, 7, 1, 0
9000, 6, 1, 0
10000, 8, 1, 0
11000, 12, 1, 0
12000, 14, 1, 0
13000, 11, 1, 0
14000, 8, 1, 0
15000, 5, 1, 0
16000, 10, 1, 0
17000, 9, 1, 0
18000, 7, 1, 0
19000, 6, 1, 0
20000, 7, 1, 0
21000, 7, 1, 0
22000, 7, 1, 0
23000, 7, 1, 0
24000, 8, 1, 0
25000, 8, 1, 0
26000, 6, 1, 0
27000, 7, 1, 0
28000, 4, 1, 0
29000, 5, 1, 0
30000, 15, 1, 0
31000, 9, 1, 0
32000, 6, 1, 0
33001, 7, 1, 0
34002, 7, 1, 0
35004, 6, 1, 0
36004, 8, 1, 0
37004, 11, 1, 0
38004, 9, 1, 0
39004, 6, 1, 0
40004, 6, 1, 0
41004, 6, 1, 0
42004, 7, 1, 0
43004, 7, 1, 0
44004, 7, 1, 0
45004, 11, 1, 0
46004, 14, 1, 0
47004, 11, 1, 0
48004, 8, 1, 0
49004, 8, 1, 0
50004, 6, 1, 0
51004, 6, 1, 0
52006, 7, 1, 0
53006, 5, 1, 0
54006, 10, 1, 0
55006, 4, 1, 0
56006, 6, 1, 0
57006, 7, 1, 0
58006, 7, 1, 0
59007, 6, 1, 0
60007, 5, 1, 0
61007, 7, 1, 0
62007, 6, 1, 0
63007, 6, 1, 0
64007, 9, 1, 0
65007, 6, 1, 0
66007, 6, 1, 0
67007, 5, 1, 0
68007, 6, 1, 0
69007, 5, 1, 0
70012, 12, 1, 0
71012, 8, 1, 0
72012, 4, 1, 0
73012, 9, 1, 0
74012, 6, 1, 0
75012, 6, 1, 0
76012, 7, 1, 0
77012, 8, 1, 0
78012, 7, 1, 0
79012, 5, 1, 0
80012, 6, 1, 0
81012, 6, 1, 0
82012, 7, 1, 0
83015, 10, 1, 0
84016, 10, 1, 0
85016, 12, 1, 0
86016, 9, 1, 0
87018, 8, 1, 0
88018, 6, 1, 0
89018, 8, 1, 0
90018, 8, 1, 0
91018, 7, 1, 0
92018, 7, 1, 0
93018, 11, 1, 0
94018, 12, 1, 0
95024, 11, 1, 0
96024, 6, 1, 0
97024, 8, 1, 0
98024, 8, 1, 0
99024, 10, 1, 0
100024, 5, 1, 0
101024, 7, 1, 0
102024, 6, 1, 0
103024, 6, 1, 0
104024, 6, 1, 0
105024, 7, 1, 0
106024, 7, 1, 0
107024, 7, 1, 0
108024, 11, 1, 0
109024, 8, 1, 0
110024, 11, 1, 0
111035, 6, 1, 0
112035, 10, 1, 0
113035, 12, 1, 0
114035, 10, 1, 0
115035, 7, 1, 0
116035, 7, 1, 0
117035, 7, 1, 0
118035, 12, 1, 0
119035, 10, 1, 0
120035, 11, 1, 0
121035, 17, 1, 0
122035, 7, 1, 0
123035, 4, 1, 0
124035, 7, 1, 0
125035, 7, 1, 0
126035, 6, 1, 0
127035, 7, 1, 0
128035, 7, 1, 0
129035, 7, 1, 0
130035, 8, 1, 0
131035, 9, 1, 0
132035, 6, 1, 0
133035, 10, 1, 0
134035, 11, 1, 0
135038, 11, 1, 0
136038, 11, 1, 0
137038, 13, 1, 0
138038, 11, 1, 0
139038, 8, 1, 0
140049, 6, 1, 0
141049, 7, 1, 0
142049, 4, 1, 0
143049, 9, 1, 0
144049, 6, 1, 0
145049, 6, 1, 0
146050, 5, 1, 0
147050, 6, 1, 0
148050, 10, 1, 0
149050, 7, 1, 0
150050, 6, 1, 0
151050, 7, 1, 0
152050, 9, 1, 0
153050, 7, 1, 0
154050, 7, 1, 0
155050, 7, 1, 0
156050, 5, 1, 0
157050, 8, 1, 0
158050, 5, 1, 0
159050, 6, 1, 0
160052, 7, 1, 0
161052, 5, 1, 0
162052, 7, 1, 0
163052, 5, 1, 0
164052, 9, 1, 0
165052, 6, 1, 0
166052, 6, 1, 0
167052, 7, 1, 0
168053, 7, 1, 0
169053, 7, 1, 0
170053, 5, 1, 0
171053, 4, 1, 0
172054, 7, 1, 0
173054, 7, 1, 0
174054, 6, 1, 0
175054, 11, 1, 0
176054, 6, 1, 0
177054, 8, 1, 0
178054, 9, 1, 0
179054, 7, 1, 0
180054, 3, 1, 0
181054, 11, 1, 0
182054, 11, 1, 0
183054, 6, 1, 0
184054, 7, 1, 0
185054, 5, 1, 0
186054, 6, 1, 0
187054, 6, 1, 0
188054, 8, 1, 0
189054, 10, 1, 0
190054, 6, 1, 0
191054, 9, 1, 0
192056, 7, 1, 0
193056, 7, 1, 0
194056, 8, 1, 0
195056, 11, 1, 0
196056, 11, 1, 0
197057, 5, 1, 0
198057, 5, 1, 0
199057, 5, 1, 0
200057, 5, 1, 0
201057, 10, 1, 0
202057, 7, 1, 0
203057, 7, 1, 0
204057, 6, 1, 0
205057, 3, 1, 0
206057, 5, 1, 0
207057, 8, 1, 0
208057, 9, 1, 0
209057, 6, 1, 0
210057, 6, 1, 0
211057, 11, 1, 0
212057, 8, 1, 0
213057, 7, 1, 0
214057, 3, 1, 0
215057, 9, 1, 0
216057, 8, 1, 0
217057, 8, 1, 0
218057, 9, 1, 0
219058, 6, 1, 0
220058, 5, 1, 0
221058, 7, 1, 0
222058, 5, 1, 0
223061, 8, 1, 0
224061, 7, 1, 0
225061, 5, 1, 0
226061, 7, 1, 0
227061, 10, 1, 0
228062, 10, 1, 0
229062, 8, 1, 0
230062, 7, 1, 0
231062, 6, 1, 0
232062, 7, 1, 0
233062, 6, 1, 0
234062, 8, 1, 0
235062, 7, 1, 0
236062, 7, 1, 0
237062, 10, 1, 0
238062, 7, 1, 0
239062, 10, 1, 0
240062, 8, 1, 0
241062, 6, 1, 0
242062, 7, 1, 0
243062, 5, 1, 0
244062, 7, 1, 0
245062, 5, 1, 0
246062, 7, 1, 0
247062, 5, 1, 0
248064, 6, 1, 0
249064, 9, 1, 0
250064, 10, 1, 0
251064, 10, 1, 0
252064, 4, 1, 0
253064, 8, 1, 0
254064, 7, 1, 0
255064, 7, 1, 0
256064, 10, 1, 0
257064, 5, 1, 0
258064, 6, 1, 0
259064, 5, 1, 0
260064, 6, 1, 0
261064, 7, 1, 0
262065, 5, 1, 0
263065, 4, 1, 0
264065, 10, 1, 0
265065, 6, 1, 0
266065, 5, 1, 0
267065, 6, 1, 0
268065, 6, 1, 0
269065, 6, 1, 0
270065, 12, 1, 0
271065, 8, 1, 0
272065, 6, 1, 0
273065, 7, 1, 0
274065, 5, 1, 0
275065, 8, 1, 0
276065, 6, 1, 0
277065, 4, 1, 0
278065, 6, 1, 0
279065, 5, 1, 0
280065, 6, 1, 0
281065, 8, 1, 0
282065, 8, 1, 0
283065, 10, 1, 0
284065, 8, 1, 0
285065, 5, 1, 0
286065, 5, 1, 0
287070, 4, 1, 0
288070, 5, 1, 0
289070, 6, 1, 0
290070, 7, 1, 0
291070, 8, 1, 0
292070, 7, 1, 0
293070, 10, 1, 0
294070, 6, 1, 0
295070, 12, 1, 0
296070, 10, 1, 0
297070, 8, 1, 0
298070, 11, 1, 0
299070, 10, 1, 0
300070, 8, 1, 0
301071, 7, 1, 0
302071, 7, 1, 0
303071, 10, 1, 0
304072, 6, 1, 0
305072, 6, 1, 0
306072, 8, 1, 0
307072, 8, 1, 0
308072, 7, 1, 0
309072, 7, 1, 0
310072, 8, 1, 0
311072, 7, 1, 0
312072, 7, 1, 0
313072, 8, 1, 0
314072, 7, 1, 0
315072, 7, 1, 0
316072, 6, 1, 0
317072, 8, 1, 0
318072, 8, 1, 0
319072, 6, 1, 0
320072, 7, 1, 0
321072, 9, 1, 0
322072, 10, 1, 0
323072, 4, 1, 0
324073, 10, 1, 0
325073, 6, 1, 0
326073, 6, 1, 0
327073, 4, 1, 0
328073, 5, 1, 0
329073, 6, 1, 0
330073, 6, 1, 0
331073, 6, 1, 0
332073, 5, 1, 0
333073, 4, 1, 0
334073, 7, 1, 0
335073, 9, 1, 0
336073, 8, 1, 0
337073, 10, 1, 0
338073, 7, 1, 0
339073, 8, 1, 0
340073, 7, 1, 0
341073, 8, 1, 0
342073, 5, 1, 0
343073, 5, 1, 0
344073, 7, 1, 0
345073, 10, 1, 0
346075, 7, 1, 0
347075, 9, 1, 0
348075, 9, 1, 0
349076, 10, 1, 0
350076, 12, 1, 0
351076, 7, 1, 0
352076, 6, 1, 0
353076, 7, 1, 0
354076, 8, 1, 0
355076, 10, 1, 0
356076, 10, 1, 0
357076, 5, 1, 0
358076, 6, 1, 0
359076, 5, 1, 0
360076, 11, 1, 0
361076, 9, 1, 0
362076, 7, 1, 0
363076, 9, 1, 0
364076, 6, 1, 0
365076, 7, 1, 0
366076, 7, 1, 0
367076, 6, 1, 0
368076, 6, 1, 0
369076, 5, 1, 0
370076, 5, 1, 0
371076, 6, 1, 0
372076, 9, 1, 0
373076, 12, 1, 0
374076, 9, 1, 0
375076, 9, 1, 0
376076, 6, 1, 0
377076, 9, 1, 0
378076, 6, 1, 0
379076, 7, 1, 0
380076, 8, 1, 0
381085, 6, 1, 0
382085, 9, 1, 0
383085, 5, 1, 0
384085, 5, 1, 0
385085, 7, 1, 0
386085, 6, 1, 0
387085, 7, 1, 0
388085, 8, 1, 0
389085, 7, 1, 0
390085, 7, 1, 0
391085, 6, 1, 0
392085, 8, 1, 0
393085, 6, 1, 0
394085, 5, 1, 0
395085, 5, 1, 0
396085, 8, 1, 0
397085, 11, 1, 0
398085, 9, 1, 0
399085, 8, 1, 0
400085, 7, 1, 0
401085, 13, 1, 0
402085, 8, 1, 0
403085, 8, 1, 0
404085, 10, 1, 0
405085, 9, 1, 0
406085, 8, 1, 0
407090, 8, 1, 0
408090, 8, 1, 0
409090, 11, 1, 0
410090, 16, 1, 0
411090, 13, 1, 0
412094, 14, 1, 0
413094, 11, 1, 0
414094, 9, 1, 0
415095, 11, 1, 0
416095, 9, 1, 0
417095, 8, 1, 0
418095, 10, 1, 0
419095, 7, 1, 0
420098, 9, 1, 0
421098, 13, 1, 0
422102, 9, 1, 0
423102, 15, 1, 0
424102, 9, 1, 0
425102, 7, 1, 0
426102, 13, 1, 0
427102, 11, 1, 0
428117, 11, 1, 0
429117, 15, 1, 0
430117, 11, 1, 0
431117, 14, 1, 0
432130, 11, 1, 0
433130, 9, 1, 0
434130, 15, 1, 0
435132, 10, 1, 0
436132, 8, 1, 0
437132, 8, 1, 0
438138, 14, 1, 0
439139, 12, 1, 0
440147, 12, 1, 0
441150, 12, 1, 0
442157, 16, 1, 0
443157, 4, 1, 0
444174, 13, 1, 0
445174, 13, 1, 0
446176, 11, 1, 0
447176, 11, 1, 0
448177, 12, 1, 0
449177, 14, 1, 0
450177, 11, 1, 0
451188, 15, 1, 0
452188, 14, 1, 0
453198, 11, 1, 0
454198, 11, 1, 0
455208, 12, 1, 0
456208, 13, 1, 0
457218, 14, 1, 0
458218, 11, 1, 0
459218, 9, 1, 0
460222, 17, 1, 0
461222, 13, 1, 0
462231, 12, 1, 0
463231, 11, 1, 0
464237, 16, 1, 0
465237, 10, 1, 0
466237, 9, 1, 0
467237, 13, 1, 0
468237, 13, 1, 0
469237, 14, 1, 0
470237, 11, 1, 0
471237, 13, 1, 0
472240, 13, 1, 0
473240, 12, 1, 0
474248, 11, 1, 0
475248, 12, 1, 0
476248, 13, 1, 0
477248, 11, 1, 0
478259, 12, 1, 0
479259, 13, 1, 0
480259, 17, 1, 0
481259, 9, 1, 0
482266, 13, 1, 0
483277, 17, 1, 0
484281, 12, 1, 0
485283, 15, 1, 0
486283, 13, 1, 0
487285, 18, 1, 0
488286, 14, 1, 0
489288, 9, 1, 0
490288, 13, 1, 0
491288, 13, 1, 0
492288, 13, 1, 0
493288, 16, 1, 0
494289, 8, 1, 0
495306, 9, 1, 0
496317, 14, 1, 0
497328, 14, 1, 0
498328, 11, 1, 0
499328, 10, 1, 0
500328, 11, 1, 0
501328, 11, 1, 0
502329, 8, 1, 0
503336, 10, 1, 0
504346, 7, 1, 0
505348, 8, 1, 0
506357, 15, 1, 0
507366, 14, 1, 0
508369, 14, 1, 0
509369, 10, 1, 0
510371, 8, 1, 0
511381, 13, 1, 0
512381, 13, 1, 0
513383, 13, 1, 0
514385, 14, 1, 0
515385, 9, 1, 0
516387, 11, 1, 0
517389, 13, 1, 0
518393, 16, 1, 0
519400, 10, 1, 0
520407, 13, 1, 0
521407, 12, 1, 0
522407, 15, 1, 0
523413, 15, 1, 0
524430, 11, 1, 0
525431, 11, 1, 0
526438, 12, 1, 0
527441, 11, 1, 0
528441, 11, 1, 0
529442, 10, 1, 0
530443, 12, 1, 0
531446, 12, 1, 0
532451, 9, 1, 0
533451, 15, 1, 0
534451, 12, 1, 0
535451, 13, 1, 0
536451, 13, 1, 0
537451, 13, 1, 0
538454, 9, 1, 0
539460, 19, 1, 0
540460, 11, 1, 0
541465, 13, 1, 0
542471, 19, 1, 0
543471, 16, 1, 0
544471, 16, 1, 0
545485, 14, 1, 0
546485, 10, 1, 0
547485, 11, 1, 0
548485, 14, 1, 0
549485, 13, 1, 0
550493, 12, 1, 0
551505, 12, 1, 0
552505, 10, 1, 0
553505, 10, 1, 0
554506, 12, 1, 0
555506, 13, 1, 0
556506, 11, 1, 0
557509, 13, 1, 0
558517, 13, 1, 0
559517, 13, 1, 0
560517, 14, 1, 0
561517, 17, 1, 0
562525, 17, 1, 0
563525, 12, 1, 0
564529, 11, 1, 0
565533, 12, 1, 0
566543, 11, 1, 0
567554, 11, 1, 0
568554, 11, 1, 0
569554, 9, 1, 0
570557, 17, 1, 0
571557, 10, 1, 0
572557, 10, 1, 0
573566, 17, 1, 0
574570, 14, 1, 0
575570, 13, 1, 0
576571, 12, 1, 0
577571, 10, 1, 0
578571, 11, 1, 0
579573, 12, 1, 0
580580, 11, 1, 0
581585, 11, 1, 0
582598, 17, 1, 0
583603, 11, 1, 0
584604, 9, 1, 0
585604, 14, 1, 0
586605, 19, 1, 0
587605, 9, 1, 0
588617, 12, 1, 0
589617, 13, 1, 0
590617, 10, 1, 0
591617, 14, 1, 0
592619, 11, 1, 0
593630, 11, 1, 0
594630, 12, 1, 0
595633, 14, 1, 0
596633, 14, 1, 0
597641, 9, 1, 0
598652, 14, 1, 0
599655, 20, 1, 0
600003, 9, 1, 0
