1001, 13388, 1, 0
2001, 24433, 1, 0
3002, 22254, 1, 0
4002, 21056, 1, 0
5002, 20671, 1, 0
6005, 19589, 1, 0
7005, 21912, 1, 0
8005, 22297, 1, 0
9005, 19348, 1, 0
10006, 21548, 1, 0
11006, 20566, 1, 0
12006, 20051, 1, 0
13006, 19470, 1, 0
14007, 18373, 1, 0
15007, 20094, 1, 0
16007, 19297, 1, 0
17007, 18866, 1, 0
18007, 19602, 1, 0
19007, 18873, 1, 0
20008, 19731, 1, 0
21008, 20505, 1, 0
22008, 19894, 1, 0
23008, 21086, 1, 0
24009, 20470, 1, 0
25011, 20669, 1, 0
26011, 18916, 1, 0
27012, 21280, 1, 0
28012, 21742, 1, 0
29012, 20669, 1, 0
30012, 17586, 1, 0
31013, 19384, 1, 0
32013, 20039, 1, 0
33013, 20686, 1, 0
34013, 20362, 1, 0
35013, 20144, 1, 0
36014, 19665, 1, 0
37014, 19703, 1, 0
38014, 20469, 1, 0
39014, 20216, 1, 0
40014, 19489, 1, 0
41015, 18186, 1, 0
42015, 22894, 1, 0
43015, 20165, 1, 0
44018, 19545, 1, 0
45024, 19056, 1, 0
46024, 17742, 1, 0
47025, 20076, 1, 0
48025, 20902, 1, 0
49025, 18907, 1, 0
50025, 19985, 1, 0
51026, 18923, 1, 0
52026, 19769, 1, 0
53026, 18023, 1, 0
54026, 20212, 1, 0
55027, 20541, 1, 0
56027, 18492, 1, 0
57028, 20690, 1, 0
58029, 18903, 1, 0
59029, 19146, 1, 0
60029, 18717, 1, 0
61030, 20050, 1, 0
62030, 22529, 1, 0
63030, 21047, 1, 0
64030, 19942, 1, 0
65031, 20294, 1, 0
66031, 20343, 1, 0
67031, 19358, 1, 0
68032, 19468, 1, 0
69033, 20164, 1, 0
70033, 18254, 1, 0
71033, 18387, 1, 0
72034, 20766, 1, 0
73034, 20087, 1, 0
74034, 21496, 1, 0
75035, 20056, 1, 0
76035, 20149, 1, 0
77037, 19623, 1, 0
78037, 21774, 1, 0
79038, 21364, 1, 0
80038, 20023, 1, 0
81038, 20437, 1, 0
82038, 18514, 1, 0
83038, 19859, 1, 0
84038, 21521, 1, 0
85039, 18684, 1, 0
86039, 19774, 1, 0
87039, 20894, 1, 0
88039, 20174, 1, 0
89039, 21386, 1, 0
90040, 20000, 1, 0
91040, 21194, 1, 0
92040, 19648, 1, 0
93041, 19827, 1, 0
94042, 18887, 1, 0
95042, 18198, 1, 0
96042, 22098, 1, 0
97043, 21070, 1, 0
98044, 17603, 1, 0
99045, 17872, 1, 0
100046, 20438, 1, 0
101046, 19719, 1, 0
102046, 19537, 1, 0
103048, 19862, 1, 0
104048, 21240, 1, 0
105048, 20878, 1, 0
106052, 17880, 1, 0
107053, 18354, 1, 0
108053, 18740, 1, 0
109053, 19604, 1, 0
110053, 20387, 1, 0
111062, 19920, 1, 0
112063, 20703, 1, 0
113065, 22125, 1, 0
114066, 21530, 1, 0
115068, 20083, 1, 0
116069, 18483, 1, 0
117069, 20429, 1, 0
118069, 19081, 1, 0
119069, 18384, 1, 0
120069, 20647, 1, 0
121070, 19467, 1, 0
122071, 20413, 1, 0
123072, 20924, 1, 0
124072, 20520, 1, 0
125072, 19589, 1, 0
126073, 19789, 1, 0
127073, 22130, 1, 0
128074, 20990, 1, 0
129075, 20581, 1, 0
130076, 18931, 1, 0
131077, 20469, 1, 0
132080, 18790, 1, 0
133080, 20868, 1, 0
134083, 21004, 1, 0
135085, 18425, 1, 0
136085, 19623, 1, 0
137086, 17094, 1, 0
138087, 20798, 1, 0
139088, 21031, 1, 0
140088, 20051, 1, 0
141089, 20173, 1, 0
142089, 20814, 1, 0
143090, 20681, 1, 0
144091, 21963, 1, 0
145091, 20505, 1, 0
146091, 21385, 1, 0
147091, 19962, 1, 0
148092, 19679, 1, 0
149092, 21413, 1, 0
150092, 20821, 1, 0
151092, 19072, 1, 0
152093, 18483, 1, 0
153093, 19210, 1, 0
154093, 19779, 1, 0
155093, 19578, 1, 0
156094, 18839, 1, 0
157094, 19818, 1, 0
158094, 20488, 1, 0
159094, 20197, 1, 0
160094, 20279, 1, 0
161095, 20334, 1, 0
162095, 19584, 1, 0
163096, 21528, 1, 0
164096, 18623, 1, 0
165097, 18030, 1, 0
166097, 20289, 1, 0
167097, 18969, 1, 0
168097, 19172, 1, 0
169097, 19157, 1, 0
170098, 19834, 1, 0
171098, 19973, 1, 0
172099, 20828, 1, 0
173099, 19851, 1, 0
174100, 19822, 1, 0
175100, 19289, 1, 0
176104, 19465, 1, 0
177104, 20054, 1, 0
178104, 20876, 1, 0
179105, 20471, 1, 0
180105, 20971, 1, 0
181105, 19770, 1, 0
182105, 20137, 1, 0
183106, 20154, 1, 0
184108, 20749, 1, 0
185109, 21328, 1, 0
186109, 20388, 1, 0
187110, 19862, 1, 0
188112, 20930, 1, 0
189112, 21237, 1, 0
190113, 20568, 1, 0
191113, 19886, 1, 0
192115, 18933, 1, 0
193115, 21187, 1, 0
194115, 19718, 1, 0
195115, 20404, 1, 0
196115, 20133, 1, 0
197118, 17873, 1, 0
198118, 21706, 1, 0
199118, 20730, 1, 0
200119, 20446, 1, 0
201120, 21887, 1, 0
202120, 19849, 1, 0
203121, 19184, 1, 0
204121, 18307, 1, 0
205121, 19629, 1, 0
206122, 20710, 1, 0
207122, 21043, 1, 0
208122, 20449, 1, 0
209123, 19971, 1, 0
210123, 22032, 1, 0
211124, 18702, 1, 0
212124, 20193, 1, 0
213124, 18776, 1, 0
214125, 21650, 1, 0
215126, 20220, 1, 0
216126, 20751, 1, 0
217127, 19376, 1, 0
218129, 19777, 1, 0
219132, 19237, 1, 0
220132, 20455, 1, 0
221132, 20770, 1, 0
222132, 19985, 1, 0
223135, 18612, 1, 0
224135, 19367, 1, 0
225136, 20970, 1, 0
226136, 19483, 1, 0
227136, 20999, 1, 0
228138, 20618, 1, 0
229138, 19230, 1, 0
230138, 20263, 1, 0
231138, 17594, 1, 0
232139, 20246, 1, 0
233141, 22296, 1, 0
234141, 19871, 1, 0
235141, 20105, 1, 0
236142, 19639, 1, 0
237142, 19130, 1, 0
238142, 21423, 1, 0
239143, 18852, 1, 0
240143, 21035, 1, 0
241144, 20918, 1, 0
242144, 19961, 1, 0
243144, 22553, 1, 0
244144, 19903, 1, 0
245145, 20537, 1, 0
246146, 21490, 1, 0
247154, 22504, 1, 0
248154, 20051, 1, 0
249154, 20792, 1, 0
250155, 18980, 1, 0
251155, 22037, 1, 0
252155, 21315, 1, 0
253160, 20282, 1, 0
254161, 21387, 1, 0
255162, 20325, 1, 0
256162, 21175, 1, 0
257163, 20813, 1, 0
258163, 18591, 1, 0
259163, 20095, 1, 0
260164, 21347, 1, 0
261164, 19021, 1, 0
262168, 19518, 1, 0
263168, 20736, 1, 0
264168, 19988, 1, 0
265168, 19568, 1, 0
266171, 19606, 1, 0
267172, 19779, 1, 0
268173, 19873, 1, 0
269180, 18670, 1, 0
270180, 22754, 1, 0
271180, 20545, 1, 0
272180, 18677, 1, 0
273180, 20851, 1, 0
274181, 19332, 1, 0
275181, 19595, 1, 0
276182, 19053, 1, 0
277182, 21463, 1, 0
278182, 20471, 1, 0
279182, 20200, 1, 0
280183, 20027, 1, 0
281183, 20160, 1, 0
282183, 20887, 1, 0
283183, 22147, 1, 0
284185, 18492, 1, 0
285185, 20738, 1, 0
286185, 20143, 1, 0
287185, 19585, 1, 0
288185, 19761, 1, 0
289186, 18876, 1, 0
290186, 18545, 1, 0
291193, 18617, 1, 0
292193, 20968, 1, 0
293193, 19990, 1, 0
294197, 18699, 1, 0
295197, 21173, 1, 0
296197, 21727, 1, 0
297198, 20038, 1, 0
298198, 19533, 1, 0
299199, 19780, 1, 0
300199, 20122, 1, 0
301199, 19555, 1, 0
302199, 18242, 1, 0
303199, 21793, 1, 0
304199, 19065, 1, 0
305199, 20239, 1, 0
306200, 19521, 1, 0
307200, 19190, 1, 0
308200, 20409, 1, 0
309200, 21546, 1, 0
310201, 20959, 1, 0
311201, 18458, 1, 0
312202, 20760, 1, 0
313202, 18607, 1, 0
314202, 20765, 1, 0
315202, 20754, 1, 0
316202, 21994, 1, 0
317202, 19749, 1, 0
318202, 20240, 1, 0
319203, 19975, 1, 0
320205, 18578, 1, 0
321206, 19219, 1, 0
322207, 19910, 1, 0
323207, 21468, 1, 0
324208, 19327, 1, 0
325209, 20595, 1, 0
326209, 20200, 1, 0
327209, 19937, 1, 0
328209, 20381, 1, 0
329210, 20431, 1, 0
330210, 19229, 1, 0
331211, 20276, 1, 0
332211, 20681, 1, 0
333212, 20390, 1, 0
334212, 19741, 1, 0
335212, 19491, 1, 0
336212, 19483, 1, 0
337212, 20263, 1, 0
338212, 17366, 1, 0
339212, 18086, 1, 0
340212, 19710, 1, 0
341213, 20263, 1, 0
342213, 18101, 1, 0
343213, 21043, 1, 0
344213, 19732, 1, 0
345214, 20128, 1, 0
346215, 20954, 1, 0
347215, 20063, 1, 0
348215, 20079, 1, 0
349219, 18868, 1, 0
350222, 18328, 1, 0
351222, 20072, 1, 0
352223, 17032, 1, 0
353225, 19404, 1, 0
354225, 19640, 1, 0
355228, 18544, 1, 0
356229, 18542, 1, 0
357229, 20908, 1, 0
358229, 19727, 1, 0
359229, 19240, 1, 0
360234, 18867, 1, 0
361234, 20536, 1, 0
362234, 20951, 1, 0
363235, 19123, 1, 0
364235, 18209, 1, 0
365236, 20256, 1, 0
366237, 19621, 1, 0
367237, 20050, 1, 0
368239, 20493, 1, 0
369240, 20935, 1, 0
370240, 19919, 1, 0
371240, 20311, 1, 0
372241, 19120, 1, 0
373241, 19661, 1, 0
374241, 20195, 1, 0
375242, 20288, 1, 0
376242, 19337, 1, 0
377242, 18372, 1, 0
378243, 19611, 1, 0
379243, 18835, 1, 0
380244, 18612, 1, 0
381244, 19046, 1, 0
382244, 19567, 1, 0
383244, 18482, 1, 0
384245, 18578, 1, 0
385245, 20358, 1, 0
386245, 21149, 1, 0
387246, 21657, 1, 0
388246, 21776, 1, 0
389247, 21622, 1, 0
390247, 20341, 1, 0
391248, 20118, 1, 0
392248, 20915, 1, 0
393249, 21758, 1, 0
394250, 20369, 1, 0
395250, 19695, 1, 0
396258, 16340, 1, 0
397259, 17083, 1, 0
398259, 15762, 1, 0
399262, 16114, 1, 0
400262, 16758, 1, 0
401274, 14333, 1, 0
402274, 17790, 1, 0
403275, 18296, 1, 0
404275, 17651, 1, 0
405275, 15913, 1, 0
406276, 15870, 1, 0
407276, 16532, 1, 0
408277, 15924, 1, 0
409278, 16589, 1, 0
410278, 16534, 1, 0
411279, 15870, 1, 0
412284, 16188, 1, 0
413284, 16813, 1, 0
414285, 16203, 1, 0
415289, 15909, 1, 0
416289, 17179, 1, 0
417290, 17610, 1, 0
418290, 17229, 1, 0
419290, 16712, 1, 0
420312, 11206, 1, 0
421337, 10802, 1, 0
422358, 10334, 1, 0
423358, 13788, 1, 0
424360, 16410, 1, 0
425362, 15794, 1, 0
426364, 18428, 1, 0
427385, 13336, 1, 0
428412, 9877, 1, 0
429430, 11076, 1, 0
430438, 11075, 1, 0
431441, 12384, 1, 0
432458, 11164, 1, 0
433468, 13211, 1, 0
434468, 15852, 1, 0
435468, 16885, 1, 0
436469, 17661, 1, 0
437469, 15958, 1, 0
438470, 10764, 1, 0
439471, 10181, 1, 0
440474, 9972, 1, 0
441474, 10515, 1, 0
442479, 10289, 1, 0
443480, 11336, 1, 0
444495, 10330, 1, 0
445519, 10368, 1, 0
446525, 10845, 1, 0
447525, 10851, 1, 0
448541, 9776, 1, 0
449551, 10422, 1, 0
450566, 9575, 1, 0
451589, 11202, 1, 0
452615, 10616, 1, 0
453634, 9672, 1, 0
454634, 10633, 1, 0
455636, 10767, 1, 0
456636, 9900, 1, 0
457653, 11360, 1, 0
458664, 10517, 1, 0
459666, 9749, 1, 0
460670, 10891, 1, 0
461687, 9475, 1, 0
462696, 10096, 1, 0
463696, 10770, 1, 0
464701, 10631, 1, 0
465701, 9388, 1, 0
466713, 10629, 1, 0
467727, 8921, 1, 0
468745, 10931, 1, 0
469754, 11195, 1, 0
470754, 11533, 1, 0
471766, 11266, 1, 0
472781, 10569, 1, 0
473781, 9710, 1, 0
474789, 9628, 1, 0
475789, 9506, 1, 0
476794, 10378, 1, 0
477794, 10367, 1, 0
478804, 11515, 1, 0
479806, 10278, 1, 0
480807, 9320, 1, 0
481807, 9775, 1, 0
482838, 10611, 1, 0
483842, 9976, 1, 0
484851, 12045, 1, 0
485853, 10510, 1, 0
486855, 11381, 1, 0
487858, 10141, 1, 0
488870, 9357, 1, 0
489870, 10403, 1, 0
490875, 10038, 1, 0
491889, 10688, 1, 0
492891, 11056, 1, 0
493896, 9958, 1, 0
494905, 11342, 1, 0
495921, 9859, 1, 0
496931, 11098, 1, 0
497943, 10141, 1, 0
498960, 9709, 1, 0
499965, 10735, 1, 0
500965, 11086, 1, 0
501969, 10888, 1, 0
502972, 9930, 1, 0
503983, 10043, 1, 0
504984, 10157, 1, 0
505995, 10424, 1, 0
507004, 10501, 1, 0
508020, 10198, 1, 0
509037, 11721, 1, 0
510049, 10323, 1, 0
511059, 10814, 1, 0
512072, 11040, 1, 0
513088, 10654, 1, 0
514088, 10148, 1, 0
515090, 10668, 1, 0
516097, 10228, 1, 0
517112, 9976, 1, 0
518112, 9930, 1, 0
519112, 10832, 1, 0
520116, 10406, 1, 0
521135, 9619, 1, 0
522140, 10009, 1, 0
523158, 10241, 1, 0
524168, 10429, 1, 0
525178, 10431, 1, 0
526188, 10745, 1, 0
527213, 10381, 1, 0
528222, 8819, 1, 0
529224, 10650, 1, 0
530226, 11435, 1, 0
531230, 10052, 1, 0
532237, 10929, 1, 0
533250, 11280, 1, 0
534259, 10670, 1, 0
535271, 10361, 1, 0
536299, 10107, 1, 0
537303, 11100, 1, 0
538310, 9946, 1, 0
539313, 10350, 1, 0
540320, 9950, 1, 0
541335, 9804, 1, 0
542335, 10053, 1, 0
543339, 10122, 1, 0
544350, 10610, 1, 0
545366, 9410, 1, 0
546367, 9610, 1, 0
547367, 9911, 1, 0
548367, 10768, 1, 0
549372, 10620, 1, 0
550389, 10339, 1, 0
551399, 10727, 1, 0
552417, 8904, 1, 0
553424, 9835, 1, 0
554435, 10607, 1, 0
555436, 9954, 1, 0
556436, 10181, 1, 0
557437, 11104, 1, 0
558443, 11107, 1, 0
559461, 10661, 1, 0
560471, 10461, 1, 0
561485, 10857, 1, 0
562492, 9725, 1, 0
563504, 10185, 1, 0
564505, 10542, 1, 0
565505, 10444, 1, 0
566507, 10655, 1, 0
567516, 11033, 1, 0
568523, 10249, 1, 0
569534, 10330, 1, 0
570538, 9777, 1, 0
571541, 10683, 1, 0
572549, 9966, 1, 0
573549, 10319, 1, 0
574549, 10459, 1, 0
575563, 9048, 1, 0
576567, 10914, 1, 0
577570, 9949, 1, 0
578570, 10624, 1, 0
579572, 10611, 1, 0
580579, 10880, 1, 0
581585, 9668, 1, 0
582598, 10791, 1, 0
583603, 10244, 1, 0
584608, 9829, 1, 0
585608, 10674, 1, 0
586613, 8745, 1, 0
587619, 10653, 1, 0
588620, 10377, 1, 0
589635, 11226, 1, 0
590651, 11941, 1, 0
591653, 10739, 1, 0
592657, 11250, 1, 0
593665, 10167, 1, 0
594666, 11317, 1, 0
595671, 10384, 1, 0
596686, 9892, 1, 0
597688, 10656, 1, 0
598688, 10666, 1, 0
599705, 11805, 1, 0
