1000, 3408, 1, 0
2002, 3421, 1, 0
3002, 3558, 1, 0
4002, 3331, 1, 0
5002, 3212, 1, 0
6002, 2519, 1, 0
7002, 3461, 1, 0
8002, 3450, 1, 0
9002, 3426, 1, 0
10002, 3318, 1, 0
11002, 3233, 1, 0
12002, 3678, 1, 0
13003, 3129, 1, 0
14003, 3266, 1, 0
15003, 3322, 1, 0
16003, 3380, 1, 0
17003, 3222, 1, 0
18003, 3417, 1, 0
19003, 3234, 1, 0
20003, 3498, 1, 0
21003, 3976, 1, 0
22003, 3422, 1, 0
23003, 3034, 1, 0
24003, 3421, 1, 0
25003, 3312, 1, 0
26003, 3648, 1, 0
27003, 3817, 1, 0
28003, 3371, 1, 0
29003, 3390, 1, 0
30003, 3450, 1, 0
31003, 3308, 1, 0
32004, 3707, 1, 0
33004, 3701, 1, 0
34004, 3876, 1, 0
35005, 3339, 1, 0
36005, 3378, 1, 0
37005, 3636, 1, 0
38017, 3646, 1, 0
39017, 3792, 1, 0
40020, 3603, 1, 0
41020, 3839, 1, 0
42029, 4554, 1, 0
43029, 3338, 1, 0
44029, 4035, 1, 0
45029, 3345, 1, 0
46029, 3989, 1, 0
47029, 3187, 1, 0
48029, 3480, 1, 0
49033, 3226, 1, 0
50033, 4623, 1, 0
51033, 3708, 1, 0
52033, 3879, 1, 0
53033, 3444, 1, 0
54033, 3380, 1, 0
55033, 4209, 1, 0
56033, 3466, 1, 0
57033, 3412, 1, 0
58033, 3950, 1, 0
59038, 3852, 1, 0
60038, 3957, 1, 0
61038, 3762, 1, 0
62038, 3517, 1, 0
63038, 3833, 1, 0
64038, 3193, 1, 0
65038, 3565, 1, 0
66038, 4222, 1, 0
67038, 3275, 1, 0
68038, 3398, 1, 0
69039, 3099, 1, 0
70039, 3341, 1, 0
71040, 3742, 1, 0
72040, 3763, 1, 0
73040, 3636, 1, 0
74040, 3532, 1, 0
75046, 3444, 1, 0
76046, 3481, 1, 0
77046, 3080, 1, 0
78046, 3200, 1, 0
79046, 3719, 1, 0
80046, 3619, 1, 0
81046, 3752, 1, 0
82046, 3765, 1, 0
83046, 3517, 1, 0
84046, 3157, 1, 0
85046, 3759, 1, 0
86046, 3182, 1, 0
87046, 3615, 1, 0
88046, 3226, 1, 0
89046, 4093, 1, 0
90046, 3253, 1, 0
91046, 3623, 1, 0
92051, 3448, 1, 0
93053, 3351, 1, 0
94053, 3817, 1, 0
95053, 3843, 1, 0
96053, 4265, 1, 0
97053, 3499, 1, 0
98055, 3586, 1, 0
99055, 3421, 1, 0
100055, 3617, 1, 0
101055, 3875, 1, 0
102059, 4014, 1, 0
103062, 4219, 1, 0
104062, 3528, 1, 0
105062, 3694, 1, 0
106062, 3584, 1, 0
107062, 3436, 1, 0
108062, 3779, 1, 0
109062, 3365, 1, 0
110062, 3912, 1, 0
111063, 3880, 1, 0
112063, 3960, 1, 0
113063, 3390, 1, 0
114063, 3245, 1, 0
115063, 3845, 1, 0
116069, 3393, 1, 0
117069, 3309, 1, 0
118069, 2957, 1, 0
119069, 3842, 1, 0
120069, 3321, 1, 0
121069, 3472, 1, 0
122069, 3159, 1, 0
123073, 3212, 1, 0
124073, 3423, 1, 0
125074, 3084, 1, 0
126081, 3415, 1, 0
127081, 3567, 1, 0
128083, 3704, 1, 0
129083, 3761, 1, 0
130083, 3031, 1, 0
131085, 3134, 1, 0
132085, 3568, 1, 0
133085, 3252, 1, 0
134097, 3441, 1, 0
135097, 3062, 1, 0
136097, 4045, 1, 0
137097, 3798, 1, 0
138097, 3293, 1, 0
139097, 3069, 1, 0
140097, 3182, 1, 0
141097, 3560, 1, 0
142097, 3529, 1, 0
143097, 3253, 1, 0
144100, 3489, 1, 0
145100, 3362, 1, 0
146100, 3611, 1, 0
147100, 3619, 1, 0
148100, 3084, 1, 0
149100, 3711, 1, 0
150102, 3925, 1, 0
151102, 3608, 1, 0
152102, 4022, 1, 0
153102, 4281, 1, 0
154105, 3626, 1, 0
155105, 3419, 1, 0
156105, 2686, 1, 0
157106, 3328, 1, 0
158112, 4237, 1, 0
159113, 4124, 1, 0
160113, 4470, 1, 0
161127, 3885, 1, 0
162127, 3155, 1, 0
163127, 3704, 1, 0
164127, 3057, 1, 0
165127, 3363, 1, 0
166127, 3550, 1, 0
167127, 3317, 1, 0
168127, 3417, 1, 0
169127, 3298, 1, 0
170127, 3089, 1, 0
171127, 3576, 1, 0
172127, 3269, 1, 0
173130, 3400, 1, 0
174130, 3063, 1, 0
175130, 3192, 1, 0
176130, 3088, 1, 0
177130, 3245, 1, 0
178130, 3285, 1, 0
179130, 3040, 1, 0
180130, 3880, 1, 0
181130, 3274, 1, 0
182130, 3202, 1, 0
183130, 3472, 1, 0
184130, 3247, 1, 0
185134, 4024, 1, 0
186134, 3320, 1, 0
187134, 3618, 1, 0
188134, 3298, 1, 0
189134, 3481, 1, 0
190134, 3381, 1, 0
191134, 3854, 1, 0
192134, 3126, 1, 0
193134, 3051, 1, 0
194134, 2954, 1, 0
195134, 3402, 1, 0
196134, 3727, 1, 0
197134, 3492, 1, 0
198138, 3175, 1, 0
199138, 3124, 1, 0
200138, 3687, 1, 0
201139, 3201, 1, 0
202139, 3566, 1, 0
203139, 3559, 1, 0
204140, 3408, 1, 0
205140, 3429, 1, 0
206140, 3397, 1, 0
207140, 3068, 1, 0
208140, 3461, 1, 0
209140, 3285, 1, 0
210140, 3325, 1, 0
211140, 3747, 1, 0
212140, 3348, 1, 0
213140, 3541, 1, 0
214140, 3624, 1, 0
215140, 3359, 1, 0
216140, 3591, 1, 0
217141, 3449, 1, 0
218141, 3263, 1, 0
219141, 3419, 1, 0
220141, 3616, 1, 0
221141, 3434, 1, 0
222141, 3524, 1, 0
223141, 3257, 1, 0
224141, 3419, 1, 0
225144, 3259, 1, 0
226144, 3311, 1, 0
227144, 3833, 1, 0
228144, 3792, 1, 0
229144, 3228, 1, 0
230144, 3352, 1, 0
231144, 3440, 1, 0
232147, 3519, 1, 0
233147, 3416, 1, 0
234149, 3392, 1, 0
235149, 3534, 1, 0
236149, 3038, 1, 0
237149, 3436, 1, 0
238149, 3386, 1, 0
239149, 3640, 1, 0
240149, 3265, 1, 0
241149, 3651, 1, 0
242149, 3049, 1, 0
243150, 3434, 1, 0
244150, 3212, 1, 0
245150, 3206, 1, 0
246150, 3463, 1, 0
247150, 2944, 1, 0
248150, 3183, 1, 0
249150, 3684, 1, 0
250150, 3414, 1, 0
251150, 3122, 1, 0
252154, 3604, 1, 0
253156, 3261, 1, 0
254156, 3293, 1, 0
255156, 3653, 1, 0
256156, 4238, 1, 0
257158, 3670, 1, 0
258158, 3656, 1, 0
259163, 3306, 1, 0
260163, 4263, 1, 0
261163, 3672, 1, 0
262163, 3132, 1, 0
263163, 3370, 1, 0
264163, 3857, 1, 0
265164, 3884, 1, 0
266164, 3620, 1, 0
267164, 3699, 1, 0
268164, 3538, 1, 0
269174, 3192, 1, 0
270174, 3474, 1, 0
271184, 3080, 1, 0
272185, 3975, 1, 0
273185, 4735, 1, 0
274186, 4077, 1, 0
275186, 3675, 1, 0
276187, 3267, 1, 0
277190, 5238, 1, 0
278190, 3759, 1, 0
279196, 3312, 1, 0
280196, 4804, 1, 0
281196, 3622, 1, 0
282196, 3444, 1, 0
283196, 3071, 1, 0
284196, 3849, 1, 0
285196, 3889, 1, 0
286204, 2921, 1, 0
287205, 3814, 1, 0
288205, 3882, 1, 0
289205, 3576, 1, 0
290207, 3281, 1, 0
291207, 3944, 1, 0
292213, 3580, 1, 0
293213, 3419, 1, 0
294213, 3899, 1, 0
295214, 3908, 1, 0
296214, 4904, 1, 0
297218, 3757, 1, 0
298218, 4070, 1, 0
299218, 3680, 1, 0
300220, 3668, 1, 0
301220, 4501, 1, 0
302230, 4048, 1, 0
303230, 4715, 1, 0
304230, 4394, 1, 0
305230, 3852, 1, 0
306241, 4897, 1, 0
307241, 5368, 1, 0
308241, 3956, 1, 0
309242, 4039, 1, 0
310242, 5224, 1, 0
311242, 4010, 1, 0
312242, 5326, 1, 0
313242, 3995, 1, 0
314255, 3805, 1, 0
315256, 4741, 1, 0
316256, 3574, 1, 0
317256, 3110, 1, 0
318260, 3824, 1, 0
319260, 5492, 1, 0
320275, 4175, 1, 0
321275, 4474, 1, 0
322275, 3633, 1, 0
323275, 5852, 1, 0
324275, 5032, 1, 0
325275, 4079, 1, 0
326276, 3929, 1, 0
327276, 4050, 1, 0
328276, 4339, 1, 0
329277, 3680, 1, 0
330277, 3430, 1, 0
331279, 3713, 1, 0
332279, 3278, 1, 0
333279, 3249, 1, 0
334279, 3936, 1, 0
335279, 4749, 1, 0
336279, 3411, 1, 0
337279, 3887, 1, 0
338279, 3534, 1, 0
339281, 3968, 1, 0
340294, 3381, 1, 0
341297, 5585, 1, 0
342297, 3744, 1, 0
343299, 3415, 1, 0
344304, 5524, 1, 0
345304, 4002, 1, 0
346325, 3641, 1, 0
347329, 5073, 1, 0
348329, 3584, 1, 0
349329, 4031, 1, 0
350329, 3644, 1, 0
351329, 3277, 1, 0
352329, 3456, 1, 0
353329, 3998, 1, 0
354329, 2942, 1, 0
355334, 3839, 1, 0
356334, 5668, 1, 0
357334, 3380, 1, 0
358334, 4244, 1, 0
359335, 4363, 1, 0
360337, 4207, 1, 0
361337, 3880, 1, 0
362338, 3572, 1, 0
363339, 4699, 1, 0
364339, 4230, 1, 0
365339, 4394, 1, 0
366340, 3897, 1, 0
367340, 3598, 1, 0
368352, 3701, 1, 0
369358, 3396, 1, 0
370361, 5022, 1, 0
371364, 4269, 1, 0
372365, 4194, 1, 0
373365, 3146, 1, 0
374365, 4019, 1, 0
375366, 2636, 1, 0
376373, 3168, 1, 0
377380, 4000, 1, 0
378393, 3972, 1, 0
379393, 4925, 1, 0
380393, 3478, 1, 0
381245, 3816, 1, 0
